2025-09-10 16:48:17,297 [INFO] Esecuzione query_sparql da file: D:\OneDriveUniba\OneDrive - Università degli Studi di Bari\University\Progetto-pokemonKG\query_sparql\pokemon_tipi.rq
2025-09-10 16:48:17,302 [DEBUG] Starting new HTTP connection (1): localhost:7200
2025-09-10 16:48:28,792 [DEBUG] http://localhost:7200 "POST /repositories/pokemonKG HTTP/1.1" 415 54
2025-09-10 16:48:28,798 [ERROR] Errore durante l'esecuzione della query_sparql SPARQL: 415 Client Error:  for url: http://localhost:7200/repositories/pokemonKG
2025-09-10 16:48:28,798 [INFO] Pokémon caricati: 0
2025-09-10 16:48:28,810 [INFO] Esecuzione query_sparql da file: D:\OneDriveUniba\OneDrive - Università degli Studi di Bari\University\Progetto-pokemonKG\query_sparql\tabella_moltiplicatori_danno.rq
2025-09-10 16:48:28,813 [DEBUG] Starting new HTTP connection (1): localhost:7200
2025-09-10 16:48:28,832 [DEBUG] http://localhost:7200 "POST /repositories/pokemonKG HTTP/1.1" 415 54
2025-09-10 16:48:28,832 [ERROR] Errore durante l'esecuzione della query_sparql SPARQL: 415 Client Error:  for url: http://localhost:7200/repositories/pokemonKG
2025-09-10 16:48:28,932 [DEBUG] Loading C:\Users\zazav\AppData\Roaming\Python\Python313\site-packages\ortools\.libs\zlib1.dll...
2025-09-10 16:48:28,970 [DEBUG] Loading C:\Users\zazav\AppData\Roaming\Python\Python313\site-packages\ortools\.libs\bz2.dll...
2025-09-10 16:48:29,004 [DEBUG] Loading C:\Users\zazav\AppData\Roaming\Python\Python313\site-packages\ortools\.libs\abseil_dll.dll...
2025-09-10 16:48:29,071 [DEBUG] Cannot find C:\Users\zazav\AppData\Roaming\Python\Python313\site-packages\ortools\.libs\utf8_validity.dll
2025-09-10 16:48:29,072 [DEBUG] Loading C:\Users\zazav\AppData\Roaming\Python\Python313\site-packages\ortools\.libs\re2.dll...
2025-09-10 16:48:29,111 [DEBUG] Loading C:\Users\zazav\AppData\Roaming\Python\Python313\site-packages\ortools\.libs\libprotobuf.dll...
2025-09-10 16:48:29,342 [DEBUG] Loading C:\Users\zazav\AppData\Roaming\Python\Python313\site-packages\ortools\.libs\highs.dll...
2025-09-10 16:48:29,409 [DEBUG] Loading C:\Users\zazav\AppData\Roaming\Python\Python313\site-packages\ortools\.libs\libscip.dll...
2025-09-10 16:48:29,575 [DEBUG] Loading C:\Users\zazav\AppData\Roaming\Python\Python313\site-packages\ortools\.libs\ortools.dll...
2025-09-10 16:48:31,469 [DEBUG] CACHEDIR=C:\Users\zazav\.matplotlib
2025-09-10 16:48:31,484 [DEBUG] Using fontManager instance from C:\Users\zazav\.matplotlib\fontlist-v390.json
2025-09-10 17:01:56,664 [INFO] Esecuzione query_sparql da file: D:\OneDriveUniba\OneDrive - Università degli Studi di Bari\University\Progetto-pokemonKG\query_sparql\pokemon_tipi.rq
2025-09-10 17:01:56,672 [DEBUG] Starting new HTTP connection (1): localhost:7200
2025-09-10 17:01:56,725 [DEBUG] http://localhost:7200 "POST /repositories/pokemonKG HTTP/1.1" 415 54
2025-09-10 17:01:56,725 [ERROR] Errore durante l'esecuzione della query_sparql SPARQL: 415 Client Error:  for url: http://localhost:7200/repositories/pokemonKG
2025-09-10 17:01:56,725 [INFO] Pokémon caricati: 0
2025-09-10 17:01:56,726 [INFO] Esecuzione query_sparql da file: D:\OneDriveUniba\OneDrive - Università degli Studi di Bari\University\Progetto-pokemonKG\query_sparql\tabella_moltiplicatori_danno.rq
2025-09-10 17:01:56,727 [DEBUG] Starting new HTTP connection (1): localhost:7200
2025-09-10 17:01:56,739 [DEBUG] http://localhost:7200 "POST /repositories/pokemonKG HTTP/1.1" 415 54
2025-09-10 17:01:56,739 [ERROR] Errore durante l'esecuzione della query_sparql SPARQL: 415 Client Error:  for url: http://localhost:7200/repositories/pokemonKG
2025-09-10 17:01:56,749 [DEBUG] Loading C:\Users\zazav\AppData\Roaming\Python\Python313\site-packages\ortools\.libs\zlib1.dll...
2025-09-10 17:01:56,750 [DEBUG] Loading C:\Users\zazav\AppData\Roaming\Python\Python313\site-packages\ortools\.libs\bz2.dll...
2025-09-10 17:01:56,751 [DEBUG] Loading C:\Users\zazav\AppData\Roaming\Python\Python313\site-packages\ortools\.libs\abseil_dll.dll...
2025-09-10 17:01:56,753 [DEBUG] Cannot find C:\Users\zazav\AppData\Roaming\Python\Python313\site-packages\ortools\.libs\utf8_validity.dll
2025-09-10 17:01:57,070 [DEBUG] Loading C:\Users\zazav\AppData\Roaming\Python\Python313\site-packages\ortools\.libs\re2.dll...
2025-09-10 17:01:57,071 [DEBUG] Loading C:\Users\zazav\AppData\Roaming\Python\Python313\site-packages\ortools\.libs\libprotobuf.dll...
2025-09-10 17:01:57,073 [DEBUG] Loading C:\Users\zazav\AppData\Roaming\Python\Python313\site-packages\ortools\.libs\highs.dll...
2025-09-10 17:01:57,075 [DEBUG] Loading C:\Users\zazav\AppData\Roaming\Python\Python313\site-packages\ortools\.libs\libscip.dll...
2025-09-10 17:01:57,076 [DEBUG] Loading C:\Users\zazav\AppData\Roaming\Python\Python313\site-packages\ortools\.libs\ortools.dll...
2025-09-10 17:01:57,204 [DEBUG] CACHEDIR=C:\Users\zazav\.matplotlib
2025-09-10 17:01:57,209 [DEBUG] Using fontManager instance from C:\Users\zazav\.matplotlib\fontlist-v390.json
2025-09-10 17:02:02,140 [INFO] Esecuzione query_sparql da file: D:\OneDriveUniba\OneDrive - Università degli Studi di Bari\University\Progetto-pokemonKG\query_sparql\pokemon_tipi.rq
2025-09-10 17:02:02,149 [DEBUG] Starting new HTTP connection (1): localhost:7200
2025-09-10 17:02:02,165 [DEBUG] http://localhost:7200 "POST /repositories/pokemonKG HTTP/1.1" 415 54
2025-09-10 17:02:02,166 [ERROR] Errore durante l'esecuzione della query_sparql SPARQL: 415 Client Error:  for url: http://localhost:7200/repositories/pokemonKG
2025-09-10 17:02:02,166 [INFO] Pokémon caricati: 0
2025-09-10 17:02:02,168 [INFO] Esecuzione query_sparql da file: D:\OneDriveUniba\OneDrive - Università degli Studi di Bari\University\Progetto-pokemonKG\query_sparql\tabella_moltiplicatori_danno.rq
2025-09-10 17:02:02,170 [DEBUG] Starting new HTTP connection (1): localhost:7200
2025-09-10 17:02:02,185 [DEBUG] http://localhost:7200 "POST /repositories/pokemonKG HTTP/1.1" 415 54
2025-09-10 17:02:02,185 [ERROR] Errore durante l'esecuzione della query_sparql SPARQL: 415 Client Error:  for url: http://localhost:7200/repositories/pokemonKG
2025-09-10 17:02:02,196 [DEBUG] Loading C:\Users\zazav\AppData\Roaming\Python\Python313\site-packages\ortools\.libs\zlib1.dll...
2025-09-10 17:02:02,197 [DEBUG] Loading C:\Users\zazav\AppData\Roaming\Python\Python313\site-packages\ortools\.libs\bz2.dll...
2025-09-10 17:02:02,199 [DEBUG] Loading C:\Users\zazav\AppData\Roaming\Python\Python313\site-packages\ortools\.libs\abseil_dll.dll...
2025-09-10 17:02:02,201 [DEBUG] Cannot find C:\Users\zazav\AppData\Roaming\Python\Python313\site-packages\ortools\.libs\utf8_validity.dll
2025-09-10 17:02:02,202 [DEBUG] Loading C:\Users\zazav\AppData\Roaming\Python\Python313\site-packages\ortools\.libs\re2.dll...
2025-09-10 17:02:02,203 [DEBUG] Loading C:\Users\zazav\AppData\Roaming\Python\Python313\site-packages\ortools\.libs\libprotobuf.dll...
2025-09-10 17:02:02,205 [DEBUG] Loading C:\Users\zazav\AppData\Roaming\Python\Python313\site-packages\ortools\.libs\highs.dll...
2025-09-10 17:02:02,207 [DEBUG] Loading C:\Users\zazav\AppData\Roaming\Python\Python313\site-packages\ortools\.libs\libscip.dll...
2025-09-10 17:02:02,209 [DEBUG] Loading C:\Users\zazav\AppData\Roaming\Python\Python313\site-packages\ortools\.libs\ortools.dll...
2025-09-10 17:02:02,321 [DEBUG] CACHEDIR=C:\Users\zazav\.matplotlib
2025-09-10 17:02:02,325 [DEBUG] Using fontManager instance from C:\Users\zazav\.matplotlib\fontlist-v390.json
2025-09-10 17:02:14,139 [INFO] Esecuzione query_sparql da file: D:\OneDriveUniba\OneDrive - Università degli Studi di Bari\University\Progetto-pokemonKG\query_sparql\pokemon_tipi.rq
2025-09-10 17:02:14,147 [DEBUG] Starting new HTTP connection (1): localhost:7200
2025-09-10 17:02:14,164 [DEBUG] http://localhost:7200 "POST /repositories/pokemonKG HTTP/1.1" 415 54
2025-09-10 17:02:14,165 [ERROR] Errore durante l'esecuzione della query_sparql SPARQL: 415 Client Error:  for url: http://localhost:7200/repositories/pokemonKG
2025-09-10 17:02:14,166 [INFO] Pokémon caricati: 0
2025-09-10 17:02:14,167 [INFO] Esecuzione query_sparql da file: D:\OneDriveUniba\OneDrive - Università degli Studi di Bari\University\Progetto-pokemonKG\query_sparql\tabella_moltiplicatori_danno.rq
2025-09-10 17:02:14,169 [DEBUG] Starting new HTTP connection (1): localhost:7200
2025-09-10 17:02:14,178 [DEBUG] http://localhost:7200 "POST /repositories/pokemonKG HTTP/1.1" 415 54
2025-09-10 17:02:14,179 [ERROR] Errore durante l'esecuzione della query_sparql SPARQL: 415 Client Error:  for url: http://localhost:7200/repositories/pokemonKG
2025-09-10 17:02:14,189 [DEBUG] Loading C:\Users\zazav\AppData\Roaming\Python\Python313\site-packages\ortools\.libs\zlib1.dll...
2025-09-10 17:02:14,190 [DEBUG] Loading C:\Users\zazav\AppData\Roaming\Python\Python313\site-packages\ortools\.libs\bz2.dll...
2025-09-10 17:02:14,191 [DEBUG] Loading C:\Users\zazav\AppData\Roaming\Python\Python313\site-packages\ortools\.libs\abseil_dll.dll...
2025-09-10 17:02:14,193 [DEBUG] Cannot find C:\Users\zazav\AppData\Roaming\Python\Python313\site-packages\ortools\.libs\utf8_validity.dll
2025-09-10 17:02:14,193 [DEBUG] Loading C:\Users\zazav\AppData\Roaming\Python\Python313\site-packages\ortools\.libs\re2.dll...
2025-09-10 17:02:14,194 [DEBUG] Loading C:\Users\zazav\AppData\Roaming\Python\Python313\site-packages\ortools\.libs\libprotobuf.dll...
2025-09-10 17:02:14,195 [DEBUG] Loading C:\Users\zazav\AppData\Roaming\Python\Python313\site-packages\ortools\.libs\highs.dll...
2025-09-10 17:02:14,197 [DEBUG] Loading C:\Users\zazav\AppData\Roaming\Python\Python313\site-packages\ortools\.libs\libscip.dll...
2025-09-10 17:02:14,198 [DEBUG] Loading C:\Users\zazav\AppData\Roaming\Python\Python313\site-packages\ortools\.libs\ortools.dll...
2025-09-10 17:02:14,308 [DEBUG] CACHEDIR=C:\Users\zazav\.matplotlib
2025-09-10 17:02:14,312 [DEBUG] Using fontManager instance from C:\Users\zazav\.matplotlib\fontlist-v390.json
2025-09-10 17:02:23,962 [INFO] Esecuzione query_sparql da file: D:\OneDriveUniba\OneDrive - Università degli Studi di Bari\University\Progetto-pokemonKG\query_sparql\pokemon_tipi.rq
2025-09-10 17:02:23,971 [DEBUG] Starting new HTTP connection (1): localhost:7200
2025-09-10 17:02:24,022 [DEBUG] http://localhost:7200 "POST /repositories/pokemonKG HTTP/1.1" 415 54
2025-09-10 17:02:24,023 [ERROR] Errore durante l'esecuzione della query_sparql SPARQL: 415 Client Error:  for url: http://localhost:7200/repositories/pokemonKG
2025-09-10 17:02:24,024 [INFO] Pokémon caricati: 0
2025-09-10 17:02:24,026 [INFO] Esecuzione query_sparql da file: D:\OneDriveUniba\OneDrive - Università degli Studi di Bari\University\Progetto-pokemonKG\query_sparql\tabella_moltiplicatori_danno.rq
2025-09-10 17:02:24,028 [DEBUG] Starting new HTTP connection (1): localhost:7200
2025-09-10 17:02:24,040 [DEBUG] http://localhost:7200 "POST /repositories/pokemonKG HTTP/1.1" 415 54
2025-09-10 17:02:24,042 [ERROR] Errore durante l'esecuzione della query_sparql SPARQL: 415 Client Error:  for url: http://localhost:7200/repositories/pokemonKG
2025-09-10 17:02:24,056 [DEBUG] Loading C:\Users\zazav\AppData\Roaming\Python\Python313\site-packages\ortools\.libs\zlib1.dll...
2025-09-10 17:02:24,057 [DEBUG] Loading C:\Users\zazav\AppData\Roaming\Python\Python313\site-packages\ortools\.libs\bz2.dll...
2025-09-10 17:02:24,059 [DEBUG] Loading C:\Users\zazav\AppData\Roaming\Python\Python313\site-packages\ortools\.libs\abseil_dll.dll...
2025-09-10 17:02:24,062 [DEBUG] Cannot find C:\Users\zazav\AppData\Roaming\Python\Python313\site-packages\ortools\.libs\utf8_validity.dll
2025-09-10 17:02:24,062 [DEBUG] Loading C:\Users\zazav\AppData\Roaming\Python\Python313\site-packages\ortools\.libs\re2.dll...
2025-09-10 17:02:24,064 [DEBUG] Loading C:\Users\zazav\AppData\Roaming\Python\Python313\site-packages\ortools\.libs\libprotobuf.dll...
2025-09-10 17:02:24,067 [DEBUG] Loading C:\Users\zazav\AppData\Roaming\Python\Python313\site-packages\ortools\.libs\highs.dll...
2025-09-10 17:02:24,070 [DEBUG] Loading C:\Users\zazav\AppData\Roaming\Python\Python313\site-packages\ortools\.libs\libscip.dll...
2025-09-10 17:02:24,072 [DEBUG] Loading C:\Users\zazav\AppData\Roaming\Python\Python313\site-packages\ortools\.libs\ortools.dll...
2025-09-10 17:02:24,198 [DEBUG] CACHEDIR=C:\Users\zazav\.matplotlib
2025-09-10 17:02:24,203 [DEBUG] Using fontManager instance from C:\Users\zazav\.matplotlib\fontlist-v390.json
2025-09-10 17:02:29,336 [INFO] Esecuzione query_sparql da file: D:\OneDriveUniba\OneDrive - Università degli Studi di Bari\University\Progetto-pokemonKG\query_sparql\pokemon_tipi.rq
2025-09-10 17:02:29,345 [DEBUG] Starting new HTTP connection (1): localhost:7200
2025-09-10 17:02:29,360 [DEBUG] http://localhost:7200 "POST /repositories/pokemonKG HTTP/1.1" 415 54
2025-09-10 17:02:29,360 [ERROR] Errore durante l'esecuzione della query_sparql SPARQL: 415 Client Error:  for url: http://localhost:7200/repositories/pokemonKG
2025-09-10 17:02:29,361 [INFO] Pokémon caricati: 0
2025-09-10 17:02:29,361 [INFO] Esecuzione query_sparql da file: D:\OneDriveUniba\OneDrive - Università degli Studi di Bari\University\Progetto-pokemonKG\query_sparql\tabella_moltiplicatori_danno.rq
2025-09-10 17:02:29,363 [DEBUG] Starting new HTTP connection (1): localhost:7200
2025-09-10 17:02:29,375 [DEBUG] http://localhost:7200 "POST /repositories/pokemonKG HTTP/1.1" 415 54
2025-09-10 17:02:29,376 [ERROR] Errore durante l'esecuzione della query_sparql SPARQL: 415 Client Error:  for url: http://localhost:7200/repositories/pokemonKG
2025-09-10 17:02:29,386 [DEBUG] Loading C:\Users\zazav\AppData\Roaming\Python\Python313\site-packages\ortools\.libs\zlib1.dll...
2025-09-10 17:02:29,387 [DEBUG] Loading C:\Users\zazav\AppData\Roaming\Python\Python313\site-packages\ortools\.libs\bz2.dll...
2025-09-10 17:02:29,388 [DEBUG] Loading C:\Users\zazav\AppData\Roaming\Python\Python313\site-packages\ortools\.libs\abseil_dll.dll...
2025-09-10 17:02:29,390 [DEBUG] Cannot find C:\Users\zazav\AppData\Roaming\Python\Python313\site-packages\ortools\.libs\utf8_validity.dll
2025-09-10 17:02:29,390 [DEBUG] Loading C:\Users\zazav\AppData\Roaming\Python\Python313\site-packages\ortools\.libs\re2.dll...
2025-09-10 17:02:29,391 [DEBUG] Loading C:\Users\zazav\AppData\Roaming\Python\Python313\site-packages\ortools\.libs\libprotobuf.dll...
2025-09-10 17:02:29,393 [DEBUG] Loading C:\Users\zazav\AppData\Roaming\Python\Python313\site-packages\ortools\.libs\highs.dll...
2025-09-10 17:02:29,395 [DEBUG] Loading C:\Users\zazav\AppData\Roaming\Python\Python313\site-packages\ortools\.libs\libscip.dll...
2025-09-10 17:02:29,396 [DEBUG] Loading C:\Users\zazav\AppData\Roaming\Python\Python313\site-packages\ortools\.libs\ortools.dll...
2025-09-10 17:02:29,517 [DEBUG] CACHEDIR=C:\Users\zazav\.matplotlib
2025-09-10 17:02:29,521 [DEBUG] Using fontManager instance from C:\Users\zazav\.matplotlib\fontlist-v390.json
2025-09-10 17:04:18,501 [INFO] Esecuzione query_sparql da file: D:\OneDriveUniba\OneDrive - Università degli Studi di Bari\University\Progetto-pokemonKG\query_sparql\pokemon_tipi.rq
2025-09-10 17:04:18,509 [DEBUG] Starting new HTTP connection (1): localhost:7200
2025-09-10 17:04:18,534 [DEBUG] http://localhost:7200 "POST /repositories/pokemonKG HTTP/1.1" 415 54
2025-09-10 17:04:18,535 [ERROR] Errore durante l'esecuzione della query_sparql SPARQL: 415 Client Error:  for url: http://localhost:7200/repositories/pokemonKG
2025-09-10 17:04:18,535 [INFO] Pokémon caricati: 0
2025-09-10 17:04:18,536 [INFO] Esecuzione query_sparql da file: D:\OneDriveUniba\OneDrive - Università degli Studi di Bari\University\Progetto-pokemonKG\query_sparql\tabella_moltiplicatori_danno.rq
2025-09-10 17:04:18,538 [DEBUG] Starting new HTTP connection (1): localhost:7200
2025-09-10 17:04:18,547 [DEBUG] http://localhost:7200 "POST /repositories/pokemonKG HTTP/1.1" 415 54
2025-09-10 17:04:18,548 [ERROR] Errore durante l'esecuzione della query_sparql SPARQL: 415 Client Error:  for url: http://localhost:7200/repositories/pokemonKG
2025-09-10 17:04:18,558 [DEBUG] Loading C:\Users\zazav\AppData\Roaming\Python\Python313\site-packages\ortools\.libs\zlib1.dll...
2025-09-10 17:04:18,559 [DEBUG] Loading C:\Users\zazav\AppData\Roaming\Python\Python313\site-packages\ortools\.libs\bz2.dll...
2025-09-10 17:04:18,560 [DEBUG] Loading C:\Users\zazav\AppData\Roaming\Python\Python313\site-packages\ortools\.libs\abseil_dll.dll...
2025-09-10 17:04:18,563 [DEBUG] Cannot find C:\Users\zazav\AppData\Roaming\Python\Python313\site-packages\ortools\.libs\utf8_validity.dll
2025-09-10 17:04:18,563 [DEBUG] Loading C:\Users\zazav\AppData\Roaming\Python\Python313\site-packages\ortools\.libs\re2.dll...
2025-09-10 17:04:18,564 [DEBUG] Loading C:\Users\zazav\AppData\Roaming\Python\Python313\site-packages\ortools\.libs\libprotobuf.dll...
2025-09-10 17:04:18,566 [DEBUG] Loading C:\Users\zazav\AppData\Roaming\Python\Python313\site-packages\ortools\.libs\highs.dll...
2025-09-10 17:04:18,573 [DEBUG] Loading C:\Users\zazav\AppData\Roaming\Python\Python313\site-packages\ortools\.libs\libscip.dll...
2025-09-10 17:04:18,574 [DEBUG] Loading C:\Users\zazav\AppData\Roaming\Python\Python313\site-packages\ortools\.libs\ortools.dll...
2025-09-10 17:04:18,685 [DEBUG] CACHEDIR=C:\Users\zazav\.matplotlib
2025-09-10 17:04:18,689 [DEBUG] Using fontManager instance from C:\Users\zazav\.matplotlib\fontlist-v390.json
2025-09-10 17:07:49,403 [INFO] Esecuzione query_sparql da file: D:\OneDriveUniba\OneDrive - Università degli Studi di Bari\University\Progetto-pokemonKG\query_sparql\pokemon_tipi.rq
2025-09-10 17:07:49,411 [DEBUG] Starting new HTTP connection (1): localhost:7200
2025-09-10 17:07:49,426 [DEBUG] http://localhost:7200 "POST /repositories/pokemonKG HTTP/1.1" 415 54
2025-09-10 17:07:49,427 [ERROR] Errore durante l'esecuzione della query_sparql SPARQL: 415 Client Error:  for url: http://localhost:7200/repositories/pokemonKG
2025-09-10 17:07:49,428 [INFO] Pokémon caricati: 0
2025-09-10 17:07:49,429 [INFO] Esecuzione query_sparql da file: D:\OneDriveUniba\OneDrive - Università degli Studi di Bari\University\Progetto-pokemonKG\query_sparql\tabella_moltiplicatori_danno.rq
2025-09-10 17:07:49,431 [DEBUG] Starting new HTTP connection (1): localhost:7200
2025-09-10 17:07:49,440 [DEBUG] http://localhost:7200 "POST /repositories/pokemonKG HTTP/1.1" 415 54
2025-09-10 17:07:49,441 [ERROR] Errore durante l'esecuzione della query_sparql SPARQL: 415 Client Error:  for url: http://localhost:7200/repositories/pokemonKG
2025-09-10 17:07:49,451 [DEBUG] Loading C:\Users\zazav\AppData\Roaming\Python\Python313\site-packages\ortools\.libs\zlib1.dll...
2025-09-10 17:07:49,452 [DEBUG] Loading C:\Users\zazav\AppData\Roaming\Python\Python313\site-packages\ortools\.libs\bz2.dll...
2025-09-10 17:07:49,453 [DEBUG] Loading C:\Users\zazav\AppData\Roaming\Python\Python313\site-packages\ortools\.libs\abseil_dll.dll...
2025-09-10 17:07:49,456 [DEBUG] Cannot find C:\Users\zazav\AppData\Roaming\Python\Python313\site-packages\ortools\.libs\utf8_validity.dll
2025-09-10 17:07:49,456 [DEBUG] Loading C:\Users\zazav\AppData\Roaming\Python\Python313\site-packages\ortools\.libs\re2.dll...
2025-09-10 17:07:49,458 [DEBUG] Loading C:\Users\zazav\AppData\Roaming\Python\Python313\site-packages\ortools\.libs\libprotobuf.dll...
2025-09-10 17:07:49,460 [DEBUG] Loading C:\Users\zazav\AppData\Roaming\Python\Python313\site-packages\ortools\.libs\highs.dll...
2025-09-10 17:07:49,462 [DEBUG] Loading C:\Users\zazav\AppData\Roaming\Python\Python313\site-packages\ortools\.libs\libscip.dll...
2025-09-10 17:07:49,463 [DEBUG] Loading C:\Users\zazav\AppData\Roaming\Python\Python313\site-packages\ortools\.libs\ortools.dll...
2025-09-10 17:07:49,577 [DEBUG] CACHEDIR=C:\Users\zazav\.matplotlib
2025-09-10 17:07:49,582 [DEBUG] Using fontManager instance from C:\Users\zazav\.matplotlib\fontlist-v390.json
2025-09-10 17:08:02,086 [INFO] Esecuzione query_sparql da file: D:\OneDriveUniba\OneDrive - Università degli Studi di Bari\University\Progetto-pokemonKG\query_sparql\pokemon_tipi.rq
2025-09-10 17:08:02,094 [DEBUG] Starting new HTTP connection (1): localhost:7200
2025-09-10 17:08:02,111 [DEBUG] http://localhost:7200 "POST /repositories/pokemonKG HTTP/1.1" 415 54
2025-09-10 17:08:02,112 [ERROR] Errore durante l'esecuzione della query_sparql SPARQL: 415 Client Error:  for url: http://localhost:7200/repositories/pokemonKG
2025-09-10 17:08:02,113 [INFO] Pokémon caricati: 0
2025-09-10 17:08:02,114 [INFO] Esecuzione query_sparql da file: D:\OneDriveUniba\OneDrive - Università degli Studi di Bari\University\Progetto-pokemonKG\query_sparql\tabella_moltiplicatori_danno.rq
2025-09-10 17:08:02,115 [DEBUG] Starting new HTTP connection (1): localhost:7200
2025-09-10 17:08:02,124 [DEBUG] http://localhost:7200 "POST /repositories/pokemonKG HTTP/1.1" 415 54
2025-09-10 17:08:02,125 [ERROR] Errore durante l'esecuzione della query_sparql SPARQL: 415 Client Error:  for url: http://localhost:7200/repositories/pokemonKG
2025-09-10 17:08:02,135 [DEBUG] Loading C:\Users\zazav\AppData\Roaming\Python\Python313\site-packages\ortools\.libs\zlib1.dll...
2025-09-10 17:08:02,136 [DEBUG] Loading C:\Users\zazav\AppData\Roaming\Python\Python313\site-packages\ortools\.libs\bz2.dll...
2025-09-10 17:08:02,136 [DEBUG] Loading C:\Users\zazav\AppData\Roaming\Python\Python313\site-packages\ortools\.libs\abseil_dll.dll...
2025-09-10 17:08:02,138 [DEBUG] Cannot find C:\Users\zazav\AppData\Roaming\Python\Python313\site-packages\ortools\.libs\utf8_validity.dll
2025-09-10 17:08:02,139 [DEBUG] Loading C:\Users\zazav\AppData\Roaming\Python\Python313\site-packages\ortools\.libs\re2.dll...
2025-09-10 17:08:02,140 [DEBUG] Loading C:\Users\zazav\AppData\Roaming\Python\Python313\site-packages\ortools\.libs\libprotobuf.dll...
2025-09-10 17:08:02,142 [DEBUG] Loading C:\Users\zazav\AppData\Roaming\Python\Python313\site-packages\ortools\.libs\highs.dll...
2025-09-10 17:08:02,143 [DEBUG] Loading C:\Users\zazav\AppData\Roaming\Python\Python313\site-packages\ortools\.libs\libscip.dll...
2025-09-10 17:08:02,144 [DEBUG] Loading C:\Users\zazav\AppData\Roaming\Python\Python313\site-packages\ortools\.libs\ortools.dll...
2025-09-10 17:08:02,257 [DEBUG] CACHEDIR=C:\Users\zazav\.matplotlib
2025-09-10 17:08:02,261 [DEBUG] Using fontManager instance from C:\Users\zazav\.matplotlib\fontlist-v390.json
2025-09-10 17:09:33,931 [INFO] Esecuzione query_sparql da file: D:\OneDriveUniba\OneDrive - Università degli Studi di Bari\University\Progetto-pokemonKG\query_sparql\pokemon_tipi.rq
2025-09-10 17:09:33,940 [DEBUG] Starting new HTTP connection (1): localhost:7200
2025-09-10 17:09:33,989 [DEBUG] http://localhost:7200 "POST /repositories/pokemonKG HTTP/1.1" 415 54
2025-09-10 17:09:33,991 [ERROR] Errore durante l'esecuzione della query_sparql SPARQL: 415 Client Error:  for url: http://localhost:7200/repositories/pokemonKG
2025-09-10 17:09:33,991 [INFO] Pokémon caricati: 0
2025-09-10 17:09:33,992 [INFO] Esecuzione query_sparql da file: D:\OneDriveUniba\OneDrive - Università degli Studi di Bari\University\Progetto-pokemonKG\query_sparql\tabella_moltiplicatori_danno.rq
2025-09-10 17:09:33,994 [DEBUG] Starting new HTTP connection (1): localhost:7200
2025-09-10 17:09:34,006 [DEBUG] http://localhost:7200 "POST /repositories/pokemonKG HTTP/1.1" 415 54
2025-09-10 17:09:34,006 [ERROR] Errore durante l'esecuzione della query_sparql SPARQL: 415 Client Error:  for url: http://localhost:7200/repositories/pokemonKG
2025-09-10 17:09:34,016 [DEBUG] Loading C:\Users\zazav\AppData\Roaming\Python\Python313\site-packages\ortools\.libs\zlib1.dll...
2025-09-10 17:09:34,018 [DEBUG] Loading C:\Users\zazav\AppData\Roaming\Python\Python313\site-packages\ortools\.libs\bz2.dll...
2025-09-10 17:09:34,019 [DEBUG] Loading C:\Users\zazav\AppData\Roaming\Python\Python313\site-packages\ortools\.libs\abseil_dll.dll...
2025-09-10 17:09:34,022 [DEBUG] Cannot find C:\Users\zazav\AppData\Roaming\Python\Python313\site-packages\ortools\.libs\utf8_validity.dll
2025-09-10 17:09:34,022 [DEBUG] Loading C:\Users\zazav\AppData\Roaming\Python\Python313\site-packages\ortools\.libs\re2.dll...
2025-09-10 17:09:34,024 [DEBUG] Loading C:\Users\zazav\AppData\Roaming\Python\Python313\site-packages\ortools\.libs\libprotobuf.dll...
2025-09-10 17:09:34,026 [DEBUG] Loading C:\Users\zazav\AppData\Roaming\Python\Python313\site-packages\ortools\.libs\highs.dll...
2025-09-10 17:09:34,028 [DEBUG] Loading C:\Users\zazav\AppData\Roaming\Python\Python313\site-packages\ortools\.libs\libscip.dll...
2025-09-10 17:09:34,030 [DEBUG] Loading C:\Users\zazav\AppData\Roaming\Python\Python313\site-packages\ortools\.libs\ortools.dll...
2025-09-10 17:09:34,138 [DEBUG] CACHEDIR=C:\Users\zazav\.matplotlib
2025-09-10 17:09:34,142 [DEBUG] Using fontManager instance from C:\Users\zazav\.matplotlib\fontlist-v390.json
2025-09-10 17:09:41,044 [INFO] Esecuzione query_sparql da file: D:\OneDriveUniba\OneDrive - Università degli Studi di Bari\University\Progetto-pokemonKG\query_sparql\pokemon_tipi.rq
2025-09-10 17:09:41,054 [DEBUG] Starting new HTTP connection (1): localhost:7200
2025-09-10 17:09:41,072 [DEBUG] http://localhost:7200 "POST /repositories/pokemonKG HTTP/1.1" 415 54
2025-09-10 17:09:41,074 [ERROR] Errore durante l'esecuzione della query_sparql SPARQL: 415 Client Error:  for url: http://localhost:7200/repositories/pokemonKG
2025-09-10 17:09:41,074 [INFO] Pokémon caricati: 0
2025-09-10 17:09:41,076 [INFO] Esecuzione query_sparql da file: D:\OneDriveUniba\OneDrive - Università degli Studi di Bari\University\Progetto-pokemonKG\query_sparql\tabella_moltiplicatori_danno.rq
2025-09-10 17:09:41,078 [DEBUG] Starting new HTTP connection (1): localhost:7200
2025-09-10 17:09:41,090 [DEBUG] http://localhost:7200 "POST /repositories/pokemonKG HTTP/1.1" 415 54
2025-09-10 17:09:41,091 [ERROR] Errore durante l'esecuzione della query_sparql SPARQL: 415 Client Error:  for url: http://localhost:7200/repositories/pokemonKG
2025-09-10 17:09:41,106 [DEBUG] Loading C:\Users\zazav\AppData\Roaming\Python\Python313\site-packages\ortools\.libs\zlib1.dll...
2025-09-10 17:09:41,107 [DEBUG] Loading C:\Users\zazav\AppData\Roaming\Python\Python313\site-packages\ortools\.libs\bz2.dll...
2025-09-10 17:09:41,109 [DEBUG] Loading C:\Users\zazav\AppData\Roaming\Python\Python313\site-packages\ortools\.libs\abseil_dll.dll...
2025-09-10 17:09:41,112 [DEBUG] Cannot find C:\Users\zazav\AppData\Roaming\Python\Python313\site-packages\ortools\.libs\utf8_validity.dll
2025-09-10 17:09:41,113 [DEBUG] Loading C:\Users\zazav\AppData\Roaming\Python\Python313\site-packages\ortools\.libs\re2.dll...
2025-09-10 17:09:41,115 [DEBUG] Loading C:\Users\zazav\AppData\Roaming\Python\Python313\site-packages\ortools\.libs\libprotobuf.dll...
2025-09-10 17:09:41,119 [DEBUG] Loading C:\Users\zazav\AppData\Roaming\Python\Python313\site-packages\ortools\.libs\highs.dll...
2025-09-10 17:09:41,121 [DEBUG] Loading C:\Users\zazav\AppData\Roaming\Python\Python313\site-packages\ortools\.libs\libscip.dll...
2025-09-10 17:09:41,123 [DEBUG] Loading C:\Users\zazav\AppData\Roaming\Python\Python313\site-packages\ortools\.libs\ortools.dll...
2025-09-10 17:09:41,275 [DEBUG] CACHEDIR=C:\Users\zazav\.matplotlib
2025-09-10 17:09:41,280 [DEBUG] Using fontManager instance from C:\Users\zazav\.matplotlib\fontlist-v390.json
2025-09-10 17:09:57,361 [INFO] Esecuzione query_sparql da file: D:\OneDriveUniba\OneDrive - Università degli Studi di Bari\University\Progetto-pokemonKG\query_sparql\pokemon_tipi.rq
2025-09-10 17:09:57,369 [DEBUG] Starting new HTTP connection (1): localhost:7200
2025-09-10 17:09:57,400 [DEBUG] http://localhost:7200 "POST /repositories/pokemonKG HTTP/1.1" 415 54
2025-09-10 17:09:57,401 [ERROR] Errore durante l'esecuzione della query_sparql SPARQL: 415 Client Error:  for url: http://localhost:7200/repositories/pokemonKG
2025-09-10 17:09:57,402 [INFO] Pokémon caricati: 0
2025-09-10 17:09:57,403 [INFO] Esecuzione query_sparql da file: D:\OneDriveUniba\OneDrive - Università degli Studi di Bari\University\Progetto-pokemonKG\query_sparql\tabella_moltiplicatori_danno.rq
2025-09-10 17:09:57,405 [DEBUG] Starting new HTTP connection (1): localhost:7200
2025-09-10 17:09:57,416 [DEBUG] http://localhost:7200 "POST /repositories/pokemonKG HTTP/1.1" 415 54
2025-09-10 17:09:57,417 [ERROR] Errore durante l'esecuzione della query_sparql SPARQL: 415 Client Error:  for url: http://localhost:7200/repositories/pokemonKG
2025-09-10 17:09:57,428 [DEBUG] Loading C:\Users\zazav\AppData\Roaming\Python\Python313\site-packages\ortools\.libs\zlib1.dll...
2025-09-10 17:09:57,430 [DEBUG] Loading C:\Users\zazav\AppData\Roaming\Python\Python313\site-packages\ortools\.libs\bz2.dll...
2025-09-10 17:09:57,431 [DEBUG] Loading C:\Users\zazav\AppData\Roaming\Python\Python313\site-packages\ortools\.libs\abseil_dll.dll...
2025-09-10 17:09:57,433 [DEBUG] Cannot find C:\Users\zazav\AppData\Roaming\Python\Python313\site-packages\ortools\.libs\utf8_validity.dll
2025-09-10 17:09:57,433 [DEBUG] Loading C:\Users\zazav\AppData\Roaming\Python\Python313\site-packages\ortools\.libs\re2.dll...
2025-09-10 17:09:57,434 [DEBUG] Loading C:\Users\zazav\AppData\Roaming\Python\Python313\site-packages\ortools\.libs\libprotobuf.dll...
2025-09-10 17:09:57,436 [DEBUG] Loading C:\Users\zazav\AppData\Roaming\Python\Python313\site-packages\ortools\.libs\highs.dll...
2025-09-10 17:09:57,438 [DEBUG] Loading C:\Users\zazav\AppData\Roaming\Python\Python313\site-packages\ortools\.libs\libscip.dll...
2025-09-10 17:09:57,440 [DEBUG] Loading C:\Users\zazav\AppData\Roaming\Python\Python313\site-packages\ortools\.libs\ortools.dll...
2025-09-10 17:09:57,551 [DEBUG] CACHEDIR=C:\Users\zazav\.matplotlib
2025-09-10 17:09:57,554 [DEBUG] Using fontManager instance from C:\Users\zazav\.matplotlib\fontlist-v390.json
2025-09-10 17:12:38,976 [INFO] Esecuzione query_sparql da file: D:\OneDriveUniba\OneDrive - Università degli Studi di Bari\University\Progetto-pokemonKG\query_sparql\pokemon_tipi.rq
2025-09-10 17:12:38,985 [DEBUG] Starting new HTTP connection (1): localhost:7200
2025-09-10 17:12:39,014 [DEBUG] http://localhost:7200 "POST /repositories/pokemonKG HTTP/1.1" 415 54
2025-09-10 17:12:39,015 [ERROR] Errore durante l'esecuzione della query_sparql SPARQL: 415 Client Error:  for url: http://localhost:7200/repositories/pokemonKG
2025-09-10 17:12:39,016 [INFO] Pokémon caricati: 0
2025-09-10 17:12:39,017 [INFO] Esecuzione query_sparql da file: D:\OneDriveUniba\OneDrive - Università degli Studi di Bari\University\Progetto-pokemonKG\query_sparql\tabella_moltiplicatori_danno.rq
2025-09-10 17:12:39,019 [DEBUG] Starting new HTTP connection (1): localhost:7200
2025-09-10 17:12:39,028 [DEBUG] http://localhost:7200 "POST /repositories/pokemonKG HTTP/1.1" 415 54
2025-09-10 17:12:39,029 [ERROR] Errore durante l'esecuzione della query_sparql SPARQL: 415 Client Error:  for url: http://localhost:7200/repositories/pokemonKG
2025-09-10 17:12:39,041 [DEBUG] Loading C:\Users\zazav\AppData\Roaming\Python\Python313\site-packages\ortools\.libs\zlib1.dll...
2025-09-10 17:12:39,043 [DEBUG] Loading C:\Users\zazav\AppData\Roaming\Python\Python313\site-packages\ortools\.libs\bz2.dll...
2025-09-10 17:12:39,044 [DEBUG] Loading C:\Users\zazav\AppData\Roaming\Python\Python313\site-packages\ortools\.libs\abseil_dll.dll...
2025-09-10 17:12:39,046 [DEBUG] Cannot find C:\Users\zazav\AppData\Roaming\Python\Python313\site-packages\ortools\.libs\utf8_validity.dll
2025-09-10 17:12:39,047 [DEBUG] Loading C:\Users\zazav\AppData\Roaming\Python\Python313\site-packages\ortools\.libs\re2.dll...
2025-09-10 17:12:39,048 [DEBUG] Loading C:\Users\zazav\AppData\Roaming\Python\Python313\site-packages\ortools\.libs\libprotobuf.dll...
2025-09-10 17:12:39,051 [DEBUG] Loading C:\Users\zazav\AppData\Roaming\Python\Python313\site-packages\ortools\.libs\highs.dll...
2025-09-10 17:12:39,054 [DEBUG] Loading C:\Users\zazav\AppData\Roaming\Python\Python313\site-packages\ortools\.libs\libscip.dll...
2025-09-10 17:12:39,055 [DEBUG] Loading C:\Users\zazav\AppData\Roaming\Python\Python313\site-packages\ortools\.libs\ortools.dll...
2025-09-10 17:12:39,170 [DEBUG] CACHEDIR=C:\Users\zazav\.matplotlib
2025-09-10 17:12:39,174 [DEBUG] Using fontManager instance from C:\Users\zazav\.matplotlib\fontlist-v390.json
2025-09-10 17:15:04,845 [INFO] Esecuzione query_sparql da file: D:\OneDriveUniba\OneDrive - Università degli Studi di Bari\University\Progetto-pokemonKG\query_sparql\pokemon_tipi.rq
2025-09-10 17:15:04,854 [DEBUG] Starting new HTTP connection (1): localhost:7200
2025-09-10 17:15:04,883 [DEBUG] http://localhost:7200 "POST /repositories/pokemonKG HTTP/1.1" 415 54
2025-09-10 17:15:04,885 [ERROR] Errore durante l'esecuzione della query_sparql SPARQL: 415 Client Error:  for url: http://localhost:7200/repositories/pokemonKG
2025-09-10 17:15:04,885 [INFO] Pokémon caricati: 0
2025-09-10 17:15:04,886 [INFO] Esecuzione query_sparql da file: D:\OneDriveUniba\OneDrive - Università degli Studi di Bari\University\Progetto-pokemonKG\query_sparql\tabella_moltiplicatori_danno.rq
2025-09-10 17:15:04,887 [DEBUG] Starting new HTTP connection (1): localhost:7200
2025-09-10 17:15:04,897 [DEBUG] http://localhost:7200 "POST /repositories/pokemonKG HTTP/1.1" 415 54
2025-09-10 17:15:04,897 [ERROR] Errore durante l'esecuzione della query_sparql SPARQL: 415 Client Error:  for url: http://localhost:7200/repositories/pokemonKG
2025-09-10 17:15:04,909 [DEBUG] Loading C:\Users\zazav\AppData\Roaming\Python\Python313\site-packages\ortools\.libs\zlib1.dll...
2025-09-10 17:15:04,910 [DEBUG] Loading C:\Users\zazav\AppData\Roaming\Python\Python313\site-packages\ortools\.libs\bz2.dll...
2025-09-10 17:15:04,910 [DEBUG] Loading C:\Users\zazav\AppData\Roaming\Python\Python313\site-packages\ortools\.libs\abseil_dll.dll...
2025-09-10 17:15:04,913 [DEBUG] Cannot find C:\Users\zazav\AppData\Roaming\Python\Python313\site-packages\ortools\.libs\utf8_validity.dll
2025-09-10 17:15:04,913 [DEBUG] Loading C:\Users\zazav\AppData\Roaming\Python\Python313\site-packages\ortools\.libs\re2.dll...
2025-09-10 17:15:04,914 [DEBUG] Loading C:\Users\zazav\AppData\Roaming\Python\Python313\site-packages\ortools\.libs\libprotobuf.dll...
2025-09-10 17:15:04,916 [DEBUG] Loading C:\Users\zazav\AppData\Roaming\Python\Python313\site-packages\ortools\.libs\highs.dll...
2025-09-10 17:15:04,918 [DEBUG] Loading C:\Users\zazav\AppData\Roaming\Python\Python313\site-packages\ortools\.libs\libscip.dll...
2025-09-10 17:15:04,919 [DEBUG] Loading C:\Users\zazav\AppData\Roaming\Python\Python313\site-packages\ortools\.libs\ortools.dll...
2025-09-10 17:15:05,045 [DEBUG] CACHEDIR=C:\Users\zazav\.matplotlib
2025-09-10 17:15:05,049 [DEBUG] Using fontManager instance from C:\Users\zazav\.matplotlib\fontlist-v390.json
2025-09-10 17:15:10,991 [INFO] Esecuzione query_sparql da file: D:\OneDriveUniba\OneDrive - Università degli Studi di Bari\University\Progetto-pokemonKG\query_sparql\pokemon_tipi.rq
2025-09-10 17:15:10,999 [DEBUG] Starting new HTTP connection (1): localhost:7200
2025-09-10 17:15:11,013 [DEBUG] http://localhost:7200 "POST /repositories/pokemonKG HTTP/1.1" 415 54
2025-09-10 17:15:11,014 [ERROR] Errore durante l'esecuzione della query_sparql SPARQL: 415 Client Error:  for url: http://localhost:7200/repositories/pokemonKG
2025-09-10 17:15:11,015 [INFO] Pokémon caricati: 0
2025-09-10 17:15:11,016 [INFO] Esecuzione query_sparql da file: D:\OneDriveUniba\OneDrive - Università degli Studi di Bari\University\Progetto-pokemonKG\query_sparql\tabella_moltiplicatori_danno.rq
2025-09-10 17:15:11,018 [DEBUG] Starting new HTTP connection (1): localhost:7200
2025-09-10 17:15:11,026 [DEBUG] http://localhost:7200 "POST /repositories/pokemonKG HTTP/1.1" 415 54
2025-09-10 17:15:11,027 [ERROR] Errore durante l'esecuzione della query_sparql SPARQL: 415 Client Error:  for url: http://localhost:7200/repositories/pokemonKG
2025-09-10 17:15:11,038 [DEBUG] Loading C:\Users\zazav\AppData\Roaming\Python\Python313\site-packages\ortools\.libs\zlib1.dll...
2025-09-10 17:15:11,039 [DEBUG] Loading C:\Users\zazav\AppData\Roaming\Python\Python313\site-packages\ortools\.libs\bz2.dll...
2025-09-10 17:15:11,040 [DEBUG] Loading C:\Users\zazav\AppData\Roaming\Python\Python313\site-packages\ortools\.libs\abseil_dll.dll...
2025-09-10 17:15:11,043 [DEBUG] Cannot find C:\Users\zazav\AppData\Roaming\Python\Python313\site-packages\ortools\.libs\utf8_validity.dll
2025-09-10 17:15:11,043 [DEBUG] Loading C:\Users\zazav\AppData\Roaming\Python\Python313\site-packages\ortools\.libs\re2.dll...
2025-09-10 17:15:11,044 [DEBUG] Loading C:\Users\zazav\AppData\Roaming\Python\Python313\site-packages\ortools\.libs\libprotobuf.dll...
2025-09-10 17:15:11,047 [DEBUG] Loading C:\Users\zazav\AppData\Roaming\Python\Python313\site-packages\ortools\.libs\highs.dll...
2025-09-10 17:15:11,048 [DEBUG] Loading C:\Users\zazav\AppData\Roaming\Python\Python313\site-packages\ortools\.libs\libscip.dll...
2025-09-10 17:15:11,049 [DEBUG] Loading C:\Users\zazav\AppData\Roaming\Python\Python313\site-packages\ortools\.libs\ortools.dll...
2025-09-10 17:15:11,164 [DEBUG] CACHEDIR=C:\Users\zazav\.matplotlib
2025-09-10 17:15:11,168 [DEBUG] Using fontManager instance from C:\Users\zazav\.matplotlib\fontlist-v390.json
2025-09-10 17:15:16,225 [INFO] Esecuzione query_sparql da file: D:\OneDriveUniba\OneDrive - Università degli Studi di Bari\University\Progetto-pokemonKG\query_sparql\pokemon_tipi.rq
2025-09-10 17:15:16,233 [DEBUG] Starting new HTTP connection (1): localhost:7200
2025-09-10 17:15:16,249 [DEBUG] http://localhost:7200 "POST /repositories/pokemonKG HTTP/1.1" 415 54
2025-09-10 17:15:16,250 [ERROR] Errore durante l'esecuzione della query_sparql SPARQL: 415 Client Error:  for url: http://localhost:7200/repositories/pokemonKG
2025-09-10 17:15:16,250 [INFO] Pokémon caricati: 0
2025-09-10 17:15:16,251 [INFO] Esecuzione query_sparql da file: D:\OneDriveUniba\OneDrive - Università degli Studi di Bari\University\Progetto-pokemonKG\query_sparql\tabella_moltiplicatori_danno.rq
2025-09-10 17:15:16,253 [DEBUG] Starting new HTTP connection (1): localhost:7200
2025-09-10 17:15:16,262 [DEBUG] http://localhost:7200 "POST /repositories/pokemonKG HTTP/1.1" 415 54
2025-09-10 17:15:16,262 [ERROR] Errore durante l'esecuzione della query_sparql SPARQL: 415 Client Error:  for url: http://localhost:7200/repositories/pokemonKG
2025-09-10 17:15:16,273 [DEBUG] Loading C:\Users\zazav\AppData\Roaming\Python\Python313\site-packages\ortools\.libs\zlib1.dll...
2025-09-10 17:15:16,274 [DEBUG] Loading C:\Users\zazav\AppData\Roaming\Python\Python313\site-packages\ortools\.libs\bz2.dll...
2025-09-10 17:15:16,275 [DEBUG] Loading C:\Users\zazav\AppData\Roaming\Python\Python313\site-packages\ortools\.libs\abseil_dll.dll...
2025-09-10 17:15:16,277 [DEBUG] Cannot find C:\Users\zazav\AppData\Roaming\Python\Python313\site-packages\ortools\.libs\utf8_validity.dll
2025-09-10 17:15:16,278 [DEBUG] Loading C:\Users\zazav\AppData\Roaming\Python\Python313\site-packages\ortools\.libs\re2.dll...
2025-09-10 17:15:16,279 [DEBUG] Loading C:\Users\zazav\AppData\Roaming\Python\Python313\site-packages\ortools\.libs\libprotobuf.dll...
2025-09-10 17:15:16,281 [DEBUG] Loading C:\Users\zazav\AppData\Roaming\Python\Python313\site-packages\ortools\.libs\highs.dll...
2025-09-10 17:15:16,283 [DEBUG] Loading C:\Users\zazav\AppData\Roaming\Python\Python313\site-packages\ortools\.libs\libscip.dll...
2025-09-10 17:15:16,285 [DEBUG] Loading C:\Users\zazav\AppData\Roaming\Python\Python313\site-packages\ortools\.libs\ortools.dll...
2025-09-10 17:15:16,395 [DEBUG] CACHEDIR=C:\Users\zazav\.matplotlib
2025-09-10 17:15:16,400 [DEBUG] Using fontManager instance from C:\Users\zazav\.matplotlib\fontlist-v390.json
2025-09-10 17:15:21,096 [INFO] Esecuzione query_sparql da file: D:\OneDriveUniba\OneDrive - Università degli Studi di Bari\University\Progetto-pokemonKG\query_sparql\pokemon_tipi.rq
2025-09-10 17:15:21,105 [DEBUG] Starting new HTTP connection (1): localhost:7200
2025-09-10 17:15:21,119 [DEBUG] http://localhost:7200 "POST /repositories/pokemonKG HTTP/1.1" 415 54
2025-09-10 17:15:21,120 [ERROR] Errore durante l'esecuzione della query_sparql SPARQL: 415 Client Error:  for url: http://localhost:7200/repositories/pokemonKG
2025-09-10 17:15:21,120 [INFO] Pokémon caricati: 0
2025-09-10 17:15:21,121 [INFO] Esecuzione query_sparql da file: D:\OneDriveUniba\OneDrive - Università degli Studi di Bari\University\Progetto-pokemonKG\query_sparql\tabella_moltiplicatori_danno.rq
2025-09-10 17:15:21,123 [DEBUG] Starting new HTTP connection (1): localhost:7200
2025-09-10 17:15:21,132 [DEBUG] http://localhost:7200 "POST /repositories/pokemonKG HTTP/1.1" 415 54
2025-09-10 17:15:21,133 [ERROR] Errore durante l'esecuzione della query_sparql SPARQL: 415 Client Error:  for url: http://localhost:7200/repositories/pokemonKG
2025-09-10 17:15:21,143 [DEBUG] Loading C:\Users\zazav\AppData\Roaming\Python\Python313\site-packages\ortools\.libs\zlib1.dll...
2025-09-10 17:15:21,144 [DEBUG] Loading C:\Users\zazav\AppData\Roaming\Python\Python313\site-packages\ortools\.libs\bz2.dll...
2025-09-10 17:15:21,145 [DEBUG] Loading C:\Users\zazav\AppData\Roaming\Python\Python313\site-packages\ortools\.libs\abseil_dll.dll...
2025-09-10 17:15:21,147 [DEBUG] Cannot find C:\Users\zazav\AppData\Roaming\Python\Python313\site-packages\ortools\.libs\utf8_validity.dll
2025-09-10 17:15:21,147 [DEBUG] Loading C:\Users\zazav\AppData\Roaming\Python\Python313\site-packages\ortools\.libs\re2.dll...
2025-09-10 17:15:21,148 [DEBUG] Loading C:\Users\zazav\AppData\Roaming\Python\Python313\site-packages\ortools\.libs\libprotobuf.dll...
2025-09-10 17:15:21,150 [DEBUG] Loading C:\Users\zazav\AppData\Roaming\Python\Python313\site-packages\ortools\.libs\highs.dll...
2025-09-10 17:15:21,152 [DEBUG] Loading C:\Users\zazav\AppData\Roaming\Python\Python313\site-packages\ortools\.libs\libscip.dll...
2025-09-10 17:15:21,153 [DEBUG] Loading C:\Users\zazav\AppData\Roaming\Python\Python313\site-packages\ortools\.libs\ortools.dll...
2025-09-10 17:15:21,264 [DEBUG] CACHEDIR=C:\Users\zazav\.matplotlib
2025-09-10 17:15:21,268 [DEBUG] Using fontManager instance from C:\Users\zazav\.matplotlib\fontlist-v390.json
2025-09-10 17:15:25,864 [INFO] Esecuzione query_sparql da file: D:\OneDriveUniba\OneDrive - Università degli Studi di Bari\University\Progetto-pokemonKG\query_sparql\pokemon_tipi.rq
2025-09-10 17:15:25,872 [DEBUG] Starting new HTTP connection (1): localhost:7200
2025-09-10 17:15:25,884 [DEBUG] http://localhost:7200 "POST /repositories/pokemonKG HTTP/1.1" 415 54
2025-09-10 17:15:25,885 [ERROR] Errore durante l'esecuzione della query_sparql SPARQL: 415 Client Error:  for url: http://localhost:7200/repositories/pokemonKG
2025-09-10 17:15:25,885 [INFO] Pokémon caricati: 0
2025-09-10 17:15:25,886 [INFO] Esecuzione query_sparql da file: D:\OneDriveUniba\OneDrive - Università degli Studi di Bari\University\Progetto-pokemonKG\query_sparql\tabella_moltiplicatori_danno.rq
2025-09-10 17:15:25,887 [DEBUG] Starting new HTTP connection (1): localhost:7200
2025-09-10 17:15:25,896 [DEBUG] http://localhost:7200 "POST /repositories/pokemonKG HTTP/1.1" 415 54
2025-09-10 17:15:25,896 [ERROR] Errore durante l'esecuzione della query_sparql SPARQL: 415 Client Error:  for url: http://localhost:7200/repositories/pokemonKG
2025-09-10 17:15:25,907 [DEBUG] Loading C:\Users\zazav\AppData\Roaming\Python\Python313\site-packages\ortools\.libs\zlib1.dll...
2025-09-10 17:15:25,908 [DEBUG] Loading C:\Users\zazav\AppData\Roaming\Python\Python313\site-packages\ortools\.libs\bz2.dll...
2025-09-10 17:15:25,909 [DEBUG] Loading C:\Users\zazav\AppData\Roaming\Python\Python313\site-packages\ortools\.libs\abseil_dll.dll...
2025-09-10 17:15:25,911 [DEBUG] Cannot find C:\Users\zazav\AppData\Roaming\Python\Python313\site-packages\ortools\.libs\utf8_validity.dll
2025-09-10 17:15:25,911 [DEBUG] Loading C:\Users\zazav\AppData\Roaming\Python\Python313\site-packages\ortools\.libs\re2.dll...
2025-09-10 17:15:25,912 [DEBUG] Loading C:\Users\zazav\AppData\Roaming\Python\Python313\site-packages\ortools\.libs\libprotobuf.dll...
2025-09-10 17:15:25,914 [DEBUG] Loading C:\Users\zazav\AppData\Roaming\Python\Python313\site-packages\ortools\.libs\highs.dll...
2025-09-10 17:15:25,915 [DEBUG] Loading C:\Users\zazav\AppData\Roaming\Python\Python313\site-packages\ortools\.libs\libscip.dll...
2025-09-10 17:15:25,916 [DEBUG] Loading C:\Users\zazav\AppData\Roaming\Python\Python313\site-packages\ortools\.libs\ortools.dll...
2025-09-10 17:15:26,029 [DEBUG] CACHEDIR=C:\Users\zazav\.matplotlib
2025-09-10 17:15:26,034 [DEBUG] Using fontManager instance from C:\Users\zazav\.matplotlib\fontlist-v390.json
2025-09-10 17:58:05,112 [INFO] Esecuzione query_sparql da file: C:\Users\zazav\progetto_pokemonKG\PokemonKG\query_sparql\pokemon_tipi.rq
2025-09-10 17:58:05,119 [DEBUG] Starting new HTTP connection (1): localhost:7200
2025-09-10 17:58:15,781 [DEBUG] http://localhost:7200 "POST /repositories/pokemonKG HTTP/1.1" 415 54
2025-09-10 17:58:15,782 [ERROR] Errore durante l'esecuzione della query_sparql SPARQL: 415 Client Error:  for url: http://localhost:7200/repositories/pokemonKG
2025-09-10 17:58:15,782 [INFO] Pokémon caricati: 0
2025-09-10 17:58:15,783 [INFO] Esecuzione query_sparql da file: C:\Users\zazav\progetto_pokemonKG\PokemonKG\query_sparql\tabella_moltiplicatori_danno.rq
2025-09-10 17:58:15,784 [DEBUG] Starting new HTTP connection (1): localhost:7200
2025-09-10 17:58:15,803 [DEBUG] http://localhost:7200 "POST /repositories/pokemonKG HTTP/1.1" 415 54
2025-09-10 17:58:15,804 [ERROR] Errore durante l'esecuzione della query_sparql SPARQL: 415 Client Error:  for url: http://localhost:7200/repositories/pokemonKG
2025-09-10 17:58:15,811 [DEBUG] Loading C:\Users\zazav\AppData\Roaming\Python\Python313\site-packages\ortools\.libs\zlib1.dll...
2025-09-10 17:58:15,855 [DEBUG] Loading C:\Users\zazav\AppData\Roaming\Python\Python313\site-packages\ortools\.libs\bz2.dll...
2025-09-10 17:58:15,896 [DEBUG] Loading C:\Users\zazav\AppData\Roaming\Python\Python313\site-packages\ortools\.libs\abseil_dll.dll...
2025-09-10 17:58:15,950 [DEBUG] Cannot find C:\Users\zazav\AppData\Roaming\Python\Python313\site-packages\ortools\.libs\utf8_validity.dll
2025-09-10 17:58:15,951 [DEBUG] Loading C:\Users\zazav\AppData\Roaming\Python\Python313\site-packages\ortools\.libs\re2.dll...
2025-09-10 17:58:15,984 [DEBUG] Loading C:\Users\zazav\AppData\Roaming\Python\Python313\site-packages\ortools\.libs\libprotobuf.dll...
2025-09-10 17:58:16,186 [DEBUG] Loading C:\Users\zazav\AppData\Roaming\Python\Python313\site-packages\ortools\.libs\highs.dll...
2025-09-10 17:58:16,251 [DEBUG] Loading C:\Users\zazav\AppData\Roaming\Python\Python313\site-packages\ortools\.libs\libscip.dll...
2025-09-10 17:58:16,370 [DEBUG] Loading C:\Users\zazav\AppData\Roaming\Python\Python313\site-packages\ortools\.libs\ortools.dll...
2025-09-10 17:58:17,076 [DEBUG] CACHEDIR=C:\Users\zazav\.matplotlib
2025-09-10 17:58:17,089 [DEBUG] Using fontManager instance from C:\Users\zazav\.matplotlib\fontlist-v390.json
2025-09-10 18:07:44,597 [INFO] Esecuzione query_sparql da file: C:\Users\zazav\progetto_pokemonKG\PokemonKG\query_sparql\pokemon_tipi.rq
2025-09-10 18:07:44,604 [DEBUG] Starting new HTTP connection (1): localhost:7200
2025-09-10 18:07:44,621 [DEBUG] http://localhost:7200 "POST /repositories/pokemonKG HTTP/1.1" 415 54
2025-09-10 18:07:44,622 [ERROR] Errore durante l'esecuzione della query_sparql SPARQL: 415 Client Error:  for url: http://localhost:7200/repositories/pokemonKG
2025-09-10 18:07:44,622 [INFO] Pokémon caricati: 0
2025-09-10 18:07:44,623 [INFO] Esecuzione query_sparql da file: C:\Users\zazav\progetto_pokemonKG\PokemonKG\query_sparql\tabella_moltiplicatori_danno.rq
2025-09-10 18:07:44,624 [DEBUG] Starting new HTTP connection (1): localhost:7200
2025-09-10 18:07:44,633 [DEBUG] http://localhost:7200 "POST /repositories/pokemonKG HTTP/1.1" 415 54
2025-09-10 18:07:44,634 [ERROR] Errore durante l'esecuzione della query_sparql SPARQL: 415 Client Error:  for url: http://localhost:7200/repositories/pokemonKG
2025-09-10 18:07:44,640 [DEBUG] Loading C:\Users\zazav\AppData\Roaming\Python\Python313\site-packages\ortools\.libs\zlib1.dll...
2025-09-10 18:07:44,640 [DEBUG] Loading C:\Users\zazav\AppData\Roaming\Python\Python313\site-packages\ortools\.libs\bz2.dll...
2025-09-10 18:07:44,642 [DEBUG] Loading C:\Users\zazav\AppData\Roaming\Python\Python313\site-packages\ortools\.libs\abseil_dll.dll...
2025-09-10 18:07:44,643 [DEBUG] Cannot find C:\Users\zazav\AppData\Roaming\Python\Python313\site-packages\ortools\.libs\utf8_validity.dll
2025-09-10 18:07:44,644 [DEBUG] Loading C:\Users\zazav\AppData\Roaming\Python\Python313\site-packages\ortools\.libs\re2.dll...
2025-09-10 18:07:44,645 [DEBUG] Loading C:\Users\zazav\AppData\Roaming\Python\Python313\site-packages\ortools\.libs\libprotobuf.dll...
2025-09-10 18:07:44,648 [DEBUG] Loading C:\Users\zazav\AppData\Roaming\Python\Python313\site-packages\ortools\.libs\highs.dll...
2025-09-10 18:07:44,650 [DEBUG] Loading C:\Users\zazav\AppData\Roaming\Python\Python313\site-packages\ortools\.libs\libscip.dll...
2025-09-10 18:07:44,651 [DEBUG] Loading C:\Users\zazav\AppData\Roaming\Python\Python313\site-packages\ortools\.libs\ortools.dll...
2025-09-10 18:07:44,750 [DEBUG] CACHEDIR=C:\Users\zazav\.matplotlib
2025-09-10 18:07:44,754 [DEBUG] Using fontManager instance from C:\Users\zazav\.matplotlib\fontlist-v390.json
2025-09-10 18:10:01,148 [INFO] Esecuzione query_sparql da file: C:\Users\zazav\progetto_pokemonKG\PokemonKG\query_sparql\pokemon_tipi.rq
2025-09-10 18:10:01,155 [DEBUG] Starting new HTTP connection (1): localhost:7200
2025-09-10 18:10:01,280 [DEBUG] http://localhost:7200 "POST /repositories/pokemonKG HTTP/1.1" 200 None
2025-09-10 18:10:01,697 [INFO] Query completata con successo, risultati: 1407
2025-09-10 18:10:01,699 [INFO] Pokémon caricati: 901
2025-09-10 18:10:01,699 [INFO] Esecuzione query_sparql da file: C:\Users\zazav\progetto_pokemonKG\PokemonKG\query_sparql\tabella_moltiplicatori_danno.rq
2025-09-10 18:10:01,700 [DEBUG] Starting new HTTP connection (1): localhost:7200
2025-09-10 18:10:01,732 [DEBUG] http://localhost:7200 "POST /repositories/pokemonKG HTTP/1.1" 200 None
2025-09-10 18:10:01,757 [INFO] Query completata con successo, risultati: 324
2025-09-10 18:10:01,765 [DEBUG] Loading C:\Users\zazav\AppData\Roaming\Python\Python313\site-packages\ortools\.libs\zlib1.dll...
2025-09-10 18:10:01,766 [DEBUG] Loading C:\Users\zazav\AppData\Roaming\Python\Python313\site-packages\ortools\.libs\bz2.dll...
2025-09-10 18:10:01,767 [DEBUG] Loading C:\Users\zazav\AppData\Roaming\Python\Python313\site-packages\ortools\.libs\abseil_dll.dll...
2025-09-10 18:10:01,769 [DEBUG] Cannot find C:\Users\zazav\AppData\Roaming\Python\Python313\site-packages\ortools\.libs\utf8_validity.dll
2025-09-10 18:10:01,769 [DEBUG] Loading C:\Users\zazav\AppData\Roaming\Python\Python313\site-packages\ortools\.libs\re2.dll...
2025-09-10 18:10:01,771 [DEBUG] Loading C:\Users\zazav\AppData\Roaming\Python\Python313\site-packages\ortools\.libs\libprotobuf.dll...
2025-09-10 18:10:01,773 [DEBUG] Loading C:\Users\zazav\AppData\Roaming\Python\Python313\site-packages\ortools\.libs\highs.dll...
2025-09-10 18:10:01,775 [DEBUG] Loading C:\Users\zazav\AppData\Roaming\Python\Python313\site-packages\ortools\.libs\libscip.dll...
2025-09-10 18:10:01,776 [DEBUG] Loading C:\Users\zazav\AppData\Roaming\Python\Python313\site-packages\ortools\.libs\ortools.dll...
2025-09-10 18:10:01,882 [DEBUG] CACHEDIR=C:\Users\zazav\.matplotlib
2025-09-10 18:10:01,886 [DEBUG] Using fontManager instance from C:\Users\zazav\.matplotlib\fontlist-v390.json
2025-09-10 18:10:02,408 [DEBUG] Starting new HTTP connection (1): localhost:7200
2025-09-10 18:10:03,087 [DEBUG] http://localhost:7200 "POST /repositories/pokemonKG HTTP/1.1" 200 None
